  <-- GET /
  --> GET / [32m200[0m 2ms
  <-- GET /favicon.ico
  --> GET /favicon.ico [33m404[0m 1ms
  <-- GET /hello
  --> GET /hello [33m404[0m 1ms
  <-- GET /hello
  --> GET /hello [32m200[0m 3ms
  <-- GET /hello
  --> GET /hello [32m200[0m 2ms
  <-- GET /hello
  --> GET /hello [32m200[0m 2ms
  <-- GET /hello
  --> GET /hello [33m404[0m 2ms
  <-- GET /
  --> GET / [32m200[0m 0ms
  <-- GET /hello
  --> GET /hello [33m404[0m 1ms
  <-- GET /hello
  --> GET /hello [32m200[0m 1ms
  <-- GET /hello
  --> GET /hello [32m200[0m 0ms
  <-- GET /hello
  --> GET /hello [32m200[0m 2ms
  <-- GET /hello
  --> GET /hello [32m200[0m 1ms
  <-- GET /hello
  --> GET /hello [32m200[0m 3ms
  <-- GET /hello
  --> GET /hello [31m500[0m 6ms
  <-- GET /hello
  --> GET /hello [31m500[0m 1ms
  <-- GET /hello
  --> GET /hello [31m500[0m 0ms
  <-- GET /hello
  --> GET /hello [31m500[0m 1ms
  <-- GET /hello
  --> GET /hello [32m200[0m 2ms
  <-- GET /hello
  --> GET /hello [32m200[0m 0ms
  <-- GET /hello
  --> GET /hello [32m200[0m 1ms
  <-- GET /hello
  --> GET /hello [32m200[0m 1ms
  <-- GET /hello
  --> GET /hello [32m200[0m 0ms
  <-- GET /hello
  --> GET /hello [32m200[0m 0ms
  <-- GET /hello
  --> GET /hello [32m200[0m 0ms
  <-- GET /hello
  --> GET /hello [32m200[0m 0ms
  <-- GET /hello
  --> GET /hello [32m200[0m 0ms
  <-- GET /hello
  --> GET /hello [32m200[0m 0ms
  <-- GET /hello
  --> GET /hello [32m200[0m 0ms
  <-- GET /hello
  --> GET /hello [32m200[0m 1ms
  <-- GET /hello
  <-- GET /hello
  <-- GET /hello
  <-- GET /hello
  <-- GET /hello
  <-- GET /hello
  <-- GET /hello
  --> GET /hello [32m200[0m 2ms
  <-- GET /hello
  <-- GET /hello
  <-- GET /hello
  <-- GET /
  --> GET / [32m200[0m 2ms
  <-- GET /hello
  <-- GET /hello
  <-- GET /hello
  <-- GET /hello
  <-- GET /hello
  <-- GET /hello
  --> GET /hello [32m200[0m 2ms
